00:00:00.000764 main     VirtualBox XPCOM Server 7.1.12 r169651 linux.amd64 (Jul 15 2025 20:14:26) release log
00:00:00.000767 main     Log opened 2025-08-09T00:38:57.683365000Z
00:00:00.000768 main     Build Type: release
00:00:00.000769 main     OS Product: Linux
00:00:00.000770 main     OS Release: 6.15.8-arch1-1
00:00:00.000770 main     OS Version: #1 SMP PREEMPT_DYNAMIC Thu, 24 Jul 2025 18:18:11 +0000
00:00:00.000797 main     DMI Product Name: KLVF-XX
00:00:00.000802 main     DMI Product Version: M1010
00:00:00.000806 main     Firmware type: UEFI
00:00:00.001835 main     Secure Boot: Disabled
00:00:00.001889 main     Host RAM: 15710MB (15.3GB) total, 14105MB (13.7GB) available
00:00:00.001892 main     Executable: /usr/lib/virtualbox/VBoxSVC
00:00:00.001893 main     Process ID: 16752
00:00:00.001893 main     Package type: LINUX_64BITS_GENERIC (OSE)
00:00:00.004349 main     IPC socket path: /tmp/.vbox-user-ipc/ipcd
00:00:00.024299 DCon01   VirtualBox: object creation starts
00:00:00.025138 DCon01   Home directory: '/home/user/.config/VirtualBox'
00:00:00.025611 DCon01   Loading settings file "/home/user/.config/VirtualBox/VirtualBox.xml" with version "1.12-linux"
00:00:00.041984 DCon01   NetIfAdpCtlOut: VBoxNetAdpCtl: Error while retrieving link speed for wlp0s20f3: VBoxNetAdpCtl: ioctl failed: Operation not supported
00:00:00.043558 DCon01   HostDnsMonitor: initializing
00:00:00.043950 DCon01   NAT: resolv.conf: nameserver 192.168.0.1
00:00:00.043959 DCon01   NAT: resolv.conf: FIXME: ignoring IPv6 zone %wlp0s20f3
00:00:00.043962 DCon01   NAT: resolv.conf: nameserver fe80::1
00:00:00.043975 DCon01   HostDnsMonitor: updating information
00:00:00.043992 DCon01   HostDnsMonitor: old information
00:00:00.043994 DCon01     no server entries
00:00:00.043996 DCon01     no domain set
00:00:00.043997 DCon01     no search string entries
00:00:00.043999 DCon01   HostDnsMonitor: new information
00:00:00.044000 DCon01     server 1: 192.168.0.1
00:00:00.044002 DCon01     server 2: fe80::1%wlp0s20f3
00:00:00.044004 DCon01     domain: IGD_Rostelecom
00:00:00.044005 DCon01     search string 1: IGD_Rostelecom
00:00:00.047729 DCon01   VD: VDInit finished with VINF_SUCCESS
00:00:00.048339 DCon01   ERROR [COM]: aRC=NS_ERROR_FAILURE (0x80004005) aIID={925084b0-625f-422f-a67d-0ede1880a56c} aComponent={SystemPropertiesWrap} aText={Cannot determine default Guest Additions ISO location. Most likely they are not available}, preserve=false aResultDetail=0
00:00:00.050095 DCon01   VirtualBox: object created
00:00:00.575006 DCon02   WARNING [COM]: aRC=NS_ERROR_FAILURE (0x80004005) aIID={d5dcece0-b202-4416-a138-03502784cc07} aComponent={HostWrap} aText={VirtualBox is not currently allowed to access USB devices.  You can change this by adding your user to the 'vboxusers' group.  Please see the user manual for a more detailed explanation}, preserve=false aResultDetail=0
00:00:00.926598 DCon03   Saving settings file "/home/user/.config/VirtualBox/VirtualBox.xml" with version "1.12-linux"
00:00:00.929570 DCon03   Finished saving settings file "/home/user/.config/VirtualBox/VirtualBox.xml"
00:00:08.120551 DCon01   Saving settings file "/home/user/.config/VirtualBox/VirtualBox.xml" with version "1.12-linux"
00:00:08.125601 DCon01   Finished saving settings file "/home/user/.config/VirtualBox/VirtualBox.xml"
00:00:29.692077 main     VirtualBox: object deletion starts
00:00:29.692976 main     HostDnsMonitor: shutting down ...
00:00:29.693795 main     HostDnsMonitor: shut down
00:00:29.706392 Watcher  ERROR [COM]: aRC=E_ACCESSDENIED (0x80070005) aIID={d644ad1e-c501-4fc7-9ab6-aa6d763bc540} aComponent={VirtualBoxWrap} aText={The object is not ready}, preserve=false aResultDetail=0
00:00:29.706706 main     VirtualBox: object deleted
